[00:04:31] [Server thread/INFO]: lotape6 lost connection: Disconnected
[00:04:31] [Server thread/INFO]: lotape6 left the game
[00:25:11] [Server thread/INFO]: mgrova has made the advancement [The Parrots and the Bats]
[00:31:44] [Server thread/INFO]: mgrova lost connection: Disconnected
[00:31:44] [Server thread/INFO]: mgrova left the game
[00:31:54] [Server thread/INFO]: mgrova[/85.59.80.146:39012] logged in with entity id 25141 at (86.85624518060052, 72.0, 102.55794811916158)
[00:31:54] [Server thread/INFO]: mgrova joined the game
[00:49:09] [Server thread/INFO]: <MikeMakes> tengo 1
[00:49:28] [Server thread/INFO]: <MikeMakes> 1130 -1100
[00:50:40] [Server thread/INFO]: <MikeMakes> matalo
[00:50:44] [Server thread/INFO]: <MikeMakes> que se hace de dia
[00:51:01] [Server thread/INFO]: <mgrova> SORRY
[00:51:04] [Server thread/INFO]: <mgrova> el chat me paro
[00:51:06] [Server thread/INFO]: <mgrova> xd
[00:51:26] [Server thread/INFO]: <MikeMakes> nice
[00:51:40] [Server thread/INFO]: <MikeMakes> ves la barrita que hay debajo de tu mira cuando atacas?
[00:51:50] [Server thread/INFO]: <MikeMakes> si esperas a que se llene haces mas daño
[00:52:06] [Server thread/INFO]: <mgrova> vale perfe
[00:52:13] [Server thread/INFO]: <MikeMakes> pa casita?
[00:52:20] [Server thread/INFO]: <MikeMakes> me voys a la cama en brevas
[00:52:24] [Server thread/INFO]: <mgrova> po ci
[00:52:27] [Server thread/INFO]: <MikeMakes> y no me queda comida jahah
[00:52:32] [Server thread/INFO]: <mgrova> pera
[00:53:03] [Server thread/INFO]: <mgrova> cuantos tienes?
[00:53:13] [Server thread/INFO]: <MikeMakes> suficientes pa volver
[00:56:04] [Server thread/INFO]: <mgrova> toy tieso
[00:56:06] [Server thread/INFO]: <mgrova> de comida
[00:56:08] [Server thread/INFO]: <mgrova> ajaja
[00:56:11] [Server thread/INFO]: <MikeMakes> me 2 ahahahah
[00:56:19] [Server thread/INFO]: <MikeMakes> suficiente era 0
[00:59:04] [Server thread/INFO]: <MikeMakes> cuantas perlas tenemos?
[00:59:08] [Server thread/INFO]: <mgrova> 11
[00:59:19] [Server thread/INFO]: <MikeMakes> not bad
[00:59:27] [Server thread/INFO]: <MikeMakes> pa encontrar el portal nos da
[00:59:36] [Server thread/INFO]: <MikeMakes> y quizas pa abrirlo tb
[00:59:39] [Server thread/INFO]: <mgrova> podriamos ir otra vez mas
[00:59:46] [Server thread/INFO]: <mgrova> al deiserto
[01:00:13] [Server thread/INFO]: <MikeMakes> yo me voy a ir a la cama en vd
[01:00:18] [Server thread/INFO]: <mgrova> sii yo tb
[01:00:29] [Server thread/INFO]: <mgrova> digo en otro momento jajja
[01:00:30] [Server thread/INFO]: <MikeMakes> que tengo sueño y es mi oportunidad de arreglarme el horario xD
[01:00:37] [Server thread/INFO]: <MikeMakes> ez
[01:00:44] [Server thread/INFO]: <mgrova> ea
[01:00:45] [Server thread/INFO]: <MikeMakes> oki hablamos mañana
[01:00:46] [Server thread/INFO]: <mgrova> bonna nit
[01:00:48] [Server thread/INFO]: <MikeMakes> chaaaaaaaaaaaaao
[01:00:51] [Server thread/INFO]: MikeMakes lost connection: Disconnected
[01:00:51] [Server thread/INFO]: MikeMakes left the game
[01:03:16] [Server thread/INFO]: mgrova lost connection: Disconnected
[01:03:16] [Server thread/INFO]: mgrova left the game
[01:04:12] [Server thread/INFO]: Stopping server
[01:04:12] [Server thread/INFO]: Saving players
[01:04:12] [Server thread/INFO]: Saving worlds
[01:04:12] [Server thread/INFO]: Saving chunks for level 'world'/minecraft:overworld
[01:04:12] [Server thread/INFO]: ThreadedAnvilChunkStorage (world): All chunks are saved
[01:04:12] [Server thread/INFO]: Saving chunks for level 'world'/minecraft:the_nether
[01:04:12] [Server thread/INFO]: ThreadedAnvilChunkStorage (DIM-1): All chunks are saved
[01:04:12] [Server thread/INFO]: Saving chunks for level 'world'/minecraft:the_end
[01:04:12] [Server thread/INFO]: ThreadedAnvilChunkStorage (DIM1): All chunks are saved
[01:04:12] [Server thread/INFO]: ThreadedAnvilChunkStorage (world): All chunks are saved
[01:04:13] [Server thread/INFO]: ThreadedAnvilChunkStorage (DIM-1): All chunks are saved
[01:04:13] [Server thread/INFO]: ThreadedAnvilChunkStorage (DIM1): All chunks are saved
